<?xml version="1.0" encoding="UTF-8"?>
<!-- Generated by org.testng.reporters.JUnitReportReporter -->
<testsuite skipped="0" hostname="DESKTOP-M4TB3HP" name="LearnMavenPkg.MavenDemoProject.BrowserLaunchWDMngr" tests="1" failures="0" timestamp="2020-09-09T13:51:33 IST" time="23.349" errors="0">
  <testcase name="browserLaunch" time="23.349" classname="LearnMavenPkg.MavenDemoProject.BrowserLaunchWDMngr"/>
  <system-out/>
</testsuite> <!-- LearnMavenPkg.MavenDemoProject.BrowserLaunchWDMngr -->
