<?xml version="1.0" encoding="UTF-8"?>
<!-- Generated by org.testng.reporters.JUnitReportReporter -->
<testsuite skipped="0" hostname="DESKTOP-M4TB3HP" name="LearnMavenPkg.MavenDemoProject.LoginScript" tests="1" failures="0" timestamp="2020-08-06T10:42:53 IST" time="0.024" errors="0">
  <testcase name="m1" time="0.024" classname="LearnMavenPkg.MavenDemoProject.LoginScript"/>
  <system-out/>
</testsuite> <!-- LearnMavenPkg.MavenDemoProject.LoginScript -->
