<?xml version="1.0" encoding="UTF-8"?>
<!-- Generated by org.testng.reporters.JUnitReportReporter -->
<testsuite skipped="0" hostname="DESKTOP-M4TB3HP" name="LearnMavenPkg.MavenDemoProject.AppTest" tests="1" failures="0" timestamp="2020-09-09T13:44:25 IST" time="0.030" errors="0">
  <testcase name="shouldAnswerWithTrue" time="0.030" classname="LearnMavenPkg.MavenDemoProject.AppTest"/>
  <system-out/>
</testsuite> <!-- LearnMavenPkg.MavenDemoProject.AppTest -->
